<?xml version="1.0" encoding="UTF-8"?>
<!-- Generated by org.testng.reporters.JUnitReportReporter -->
<testsuite skipped="0" hostname="lenovo-PC" name="selenium.automation.test.cases.TestFacebookChrome" tests="2" failures="0" timestamp="30 Aug 2017 20:25:43 GMT" time="11.247" errors="0">
  <testcase name="loginPage" time="7.984" classname="selenium.automation.test.cases.TestFacebookChrome"/>
  <testcase name="loginPage" time="3.263" classname="selenium.automation.test.cases.TestFacebookChrome"/>
</testsuite> <!-- selenium.automation.test.cases.TestFacebookChrome -->
