<?xml version="1.0" encoding="UTF-8"?>
<!-- Generated by org.testng.reporters.JUnitReportReporter -->
<testsuite skipped="0" hostname="lenovo-PC" name="selenium.automation.test.cases.TestFacebookLogin" tests="13" failures="0" timestamp="16 Sep 2017 19:46:35 GMT" time="16.594" errors="0">
  <testcase name="loginPage" time="0.100" classname="selenium.automation.test.cases.TestFacebookLogin"/>
  <testcase name="loginPagePOM" time="4.048" classname="selenium.automation.test.cases.TestFacebookLogin"/>
  <testcase name="loginPage" time="0.015" classname="selenium.automation.test.cases.TestFacebookLogin"/>
  <testcase name="loginPage" time="1.015" classname="selenium.automation.test.cases.TestFacebookLogin"/>
  <testcase name="loginPage" time="0.105" classname="selenium.automation.test.cases.TestFacebookLogin"/>
  <testcase name="loginPage" time="0.002" classname="selenium.automation.test.cases.TestFacebookLogin"/>
  <testcase name="loginPage" time="0.097" classname="selenium.automation.test.cases.TestFacebookLogin"/>
  <testcase name="loginPage" time="0.974" classname="selenium.automation.test.cases.TestFacebookLogin"/>
  <testcase name="loginPagePOM" time="2.330" classname="selenium.automation.test.cases.TestFacebookLogin"/>
  <testcase name="loginPage" time="2.446" classname="selenium.automation.test.cases.TestFacebookLogin"/>
  <testcase name="loginPage" time="3.573" classname="selenium.automation.test.cases.TestFacebookLogin"/>
  <testcase name="loginPage" time="1.480" classname="selenium.automation.test.cases.TestFacebookLogin"/>
  <testcase name="loginPage" time="0.409" classname="selenium.automation.test.cases.TestFacebookLogin"/>
</testsuite> <!-- selenium.automation.test.cases.TestFacebookLogin -->
