<?xml version="1.0" encoding="UTF-8"?>
<!-- Generated by org.testng.reporters.JUnitReportReporter -->
<testsuite skipped="1" hostname="lenovo-PC" name="selenium.automation.test.cases.TestFacebookFirefox" tests="2" failures="0" timestamp="30 Aug 2017 13:23:49 GMT" time="47.968" errors="1">
  <testcase name="loginPage" time="0.000" classname="selenium.automation.test.cases.TestFacebookFirefox">
    <skipped/>
  </testcase> <!-- loginPage -->
  <testcase name="initDriver" time="47.968" classname="selenium.automation.test.cases.TestFacebookFirefox">
    <error type="org.openqa.selenium.WebDriverException" message="Failed to connect to binary FirefoxBinary(C:\Program Files\Mozilla Firefox\firefox.exe) on port 7055; process output follows: 
BUG	Existing add-on shield-recipe-client@mozilla.org in app-system-defaults
1504099389054	addons.xpi	DEBUG	Existing add-on webcompat@mozilla.org in app-system-defaults
1504099389055	addons.xpi	DEBUG	Existing add-on {FCF36B88-1BBA-487f-B64B-D2E8980A9293} in winreg-app-user
1504099389055	addons.xpi	DEBUG	Existing add-on mozilla_cc3@internetdownloadmanager.com in winreg-app-user
1504099389055	addons.xpi	INFO	Mapping {972ce4c6-7e08-4474-a285-3208198ce6fd} to C:\Program Files\Mozilla Firefox\browser\extensions\{972ce4c6-7e08-4474-a285-3208198ce6fd}.xpi
1504099389056	addons.xpi	DEBUG	Existing add-on {972ce4c6-7e08-4474-a285-3208198ce6fd} in app-global
1504099389056	addons.xpi	DEBUG	getInstallState changed: false, state: {}
Unable to read VR Path Registry from C:\Users\Duc Phan\AppData\Local\openvr\openvrpaths.vrpath
JavaScript error: resource://gre/modules/addons/XPIProvider.jsm, line 3295: TypeError: addon is null
1504099389161	addons.productaddons	INFO	sending request to: https://aus5.mozilla.org/update/3/GMP/55.0.3/20170824053622/WINNT_x86_64-msvc-x64/en-US/release/Windows_NT%206.1.1.0%20(x64)/default/default/update.xml
1504099389958	addons.productaddons	INFO	Completed downloading document
1504099390625	addons.productaddons	INFO	downloadXHR File download. status=200
1504099390628	addons.productaddons	INFO	Downloaded file will be saved to C:\Users\DUCPHA~1\AppData\Local\Temp\tmpaddon
1504099393052	addons.productaddons	INFO	downloadXHR File download. status=200
1504099393054	addons.productaddons	INFO	Downloaded file will be saved to C:\Users\DUCPHA~1\AppData\Local\Temp\tmpaddon
1504099420730	addons.xpi	DEBUG	Calling bootstrap method shutdown on webcompat@mozilla.org version 1.1
1504099420730	addons.xpi	DEBUG	Calling bootstrap method shutdown on shield-recipe-client@mozilla.org version 55.1
1504099420733	addons.xpi	DEBUG	Calling bootstrap method shutdown on screenshots@mozilla.org version 10.12.0
1504099420734	addons.xpi	DEBUG	Calling bootstrap method shutdown on followonsearch@mozilla.com version 0.9.1
1504099420735	addons.xpi	DEBUG	Calling bootstrap method shutdown on firefox@getpocket.com version 1.0.5
1504099420735	addons.xpi	DEBUG	Calling bootstrap method shutdown on e10srollout@mozilla.org version 2.0
1504099420736	addons.xpi	DEBUG	Calling bootstrap method shutdown on clicktoplay-rollout@mozilla.org version 1.2
1504099420736	addons.xpi	DEBUG	Calling bootstrap method shutdown on aushelper@mozilla.org version 2.0
Unable to read VR Path Registry from C:\Users\Duc Phan\AppData\Local\openvr\openvrpaths.vrpath
[GPU 8804] WARNING: pipe error: 109: file c:/builds/moz2_slave/m-rel-w64-00000000000000000000/build/src/ipc/chromium/src/chrome/common/ipc_channel_win.cc, line 346
Unable to read VR Path Registry from C:\Users\Duc Phan\AppData\Local\openvr\openvrpaths.vrpath
[Child 5112] WARNING: pipe error: 109: file c:/builds/moz2_slave/m-rel-w64-00000000000000000000/build/src/ipc/chromium/src/chrome/common/ipc_channel_win.cc, line 346
[Child 5112] WARNING: pipe error: 109: file c:/builds/moz2_slave/m-rel-w64-00000000000000000000/build/src/ipc/chromium/src/chrome/common/ipc_channel_win.cc, line 346
1504099420911	addons.manager	DEBUG	shutdown
1504099420912	addons.manager	DEBUG	Calling shutdown blocker for XPIProvider
1504099420912	addons.xpi	DEBUG	shutdown
1504099420913	addons.xpi-utils	DEBUG	shutdown
1504099420913	addons.manager	DEBUG	Calling shutdown blocker for LightweightThemeManager
1504099420914	addons.manager	DEBUG	Calling shutdown blocker for GMPProvider
1504099420915	addons.manager	DEBUG	Calling shutdown blocker for PluginProvider
1504099420915	addons.manager	DEBUG	Calling shutdown blocker for PreviousExperimentProvider
1504099420915	addons.manager	DEBUG	Calling shutdown blocker for &lt;unnamed-provider&gt;
1504099420919	addons.xpi	DEBUG	Notifying XPI shutdown observers
1504099420925	addons.manager	DEBUG	Async provider shutdown done
[GPU 8804] WARNING: pipe error: 109: file c:/builds/moz2_slave/m-rel-w64-00000000000000000000/build/src/ipc/chromium/src/chrome/common/ipc_channel_win.cc, line 346

Build info: version: &#039;2.53.1&#039;, revision: &#039;a36b8b1cd5757287168e54b817830adce9b0158d&#039;, time: &#039;2016-06-30 19:26:09&#039;
System info: host: &#039;lenovo-PC&#039;, ip: &#039;192.168.56.1&#039;, os.name: &#039;Windows 7&#039;, os.arch: &#039;amd64&#039;, os.version: &#039;6.1&#039;, java.version: &#039;1.8.0_144&#039;
Driver info: driver.version: FirefoxDriver">
      <![CDATA[org.openqa.selenium.WebDriverException: Failed to connect to binary FirefoxBinary(C:\Program Files\Mozilla Firefox\firefox.exe) on port 7055; process output follows: 
BUG	Existing add-on shield-recipe-client@mozilla.org in app-system-defaults
1504099389054	addons.xpi	DEBUG	Existing add-on webcompat@mozilla.org in app-system-defaults
1504099389055	addons.xpi	DEBUG	Existing add-on {FCF36B88-1BBA-487f-B64B-D2E8980A9293} in winreg-app-user
1504099389055	addons.xpi	DEBUG	Existing add-on mozilla_cc3@internetdownloadmanager.com in winreg-app-user
1504099389055	addons.xpi	INFO	Mapping {972ce4c6-7e08-4474-a285-3208198ce6fd} to C:\Program Files\Mozilla Firefox\browser\extensions\{972ce4c6-7e08-4474-a285-3208198ce6fd}.xpi
1504099389056	addons.xpi	DEBUG	Existing add-on {972ce4c6-7e08-4474-a285-3208198ce6fd} in app-global
1504099389056	addons.xpi	DEBUG	getInstallState changed: false, state: {}
Unable to read VR Path Registry from C:\Users\Duc Phan\AppData\Local\openvr\openvrpaths.vrpath
JavaScript error: resource://gre/modules/addons/XPIProvider.jsm, line 3295: TypeError: addon is null
1504099389161	addons.productaddons	INFO	sending request to: https://aus5.mozilla.org/update/3/GMP/55.0.3/20170824053622/WINNT_x86_64-msvc-x64/en-US/release/Windows_NT%206.1.1.0%20(x64)/default/default/update.xml
1504099389958	addons.productaddons	INFO	Completed downloading document
1504099390625	addons.productaddons	INFO	downloadXHR File download. status=200
1504099390628	addons.productaddons	INFO	Downloaded file will be saved to C:\Users\DUCPHA~1\AppData\Local\Temp\tmpaddon
1504099393052	addons.productaddons	INFO	downloadXHR File download. status=200
1504099393054	addons.productaddons	INFO	Downloaded file will be saved to C:\Users\DUCPHA~1\AppData\Local\Temp\tmpaddon
1504099420730	addons.xpi	DEBUG	Calling bootstrap method shutdown on webcompat@mozilla.org version 1.1
1504099420730	addons.xpi	DEBUG	Calling bootstrap method shutdown on shield-recipe-client@mozilla.org version 55.1
1504099420733	addons.xpi	DEBUG	Calling bootstrap method shutdown on screenshots@mozilla.org version 10.12.0
1504099420734	addons.xpi	DEBUG	Calling bootstrap method shutdown on followonsearch@mozilla.com version 0.9.1
1504099420735	addons.xpi	DEBUG	Calling bootstrap method shutdown on firefox@getpocket.com version 1.0.5
1504099420735	addons.xpi	DEBUG	Calling bootstrap method shutdown on e10srollout@mozilla.org version 2.0
1504099420736	addons.xpi	DEBUG	Calling bootstrap method shutdown on clicktoplay-rollout@mozilla.org version 1.2
1504099420736	addons.xpi	DEBUG	Calling bootstrap method shutdown on aushelper@mozilla.org version 2.0
Unable to read VR Path Registry from C:\Users\Duc Phan\AppData\Local\openvr\openvrpaths.vrpath
[GPU 8804] WARNING: pipe error: 109: file c:/builds/moz2_slave/m-rel-w64-00000000000000000000/build/src/ipc/chromium/src/chrome/common/ipc_channel_win.cc, line 346
Unable to read VR Path Registry from C:\Users\Duc Phan\AppData\Local\openvr\openvrpaths.vrpath
[Child 5112] WARNING: pipe error: 109: file c:/builds/moz2_slave/m-rel-w64-00000000000000000000/build/src/ipc/chromium/src/chrome/common/ipc_channel_win.cc, line 346
[Child 5112] WARNING: pipe error: 109: file c:/builds/moz2_slave/m-rel-w64-00000000000000000000/build/src/ipc/chromium/src/chrome/common/ipc_channel_win.cc, line 346
1504099420911	addons.manager	DEBUG	shutdown
1504099420912	addons.manager	DEBUG	Calling shutdown blocker for XPIProvider
1504099420912	addons.xpi	DEBUG	shutdown
1504099420913	addons.xpi-utils	DEBUG	shutdown
1504099420913	addons.manager	DEBUG	Calling shutdown blocker for LightweightThemeManager
1504099420914	addons.manager	DEBUG	Calling shutdown blocker for GMPProvider
1504099420915	addons.manager	DEBUG	Calling shutdown blocker for PluginProvider
1504099420915	addons.manager	DEBUG	Calling shutdown blocker for PreviousExperimentProvider
1504099420915	addons.manager	DEBUG	Calling shutdown blocker for <unnamed-provider>
1504099420919	addons.xpi	DEBUG	Notifying XPI shutdown observers
1504099420925	addons.manager	DEBUG	Async provider shutdown done
[GPU 8804] WARNING: pipe error: 109: file c:/builds/moz2_slave/m-rel-w64-00000000000000000000/build/src/ipc/chromium/src/chrome/common/ipc_channel_win.cc, line 346

Build info: version: '2.53.1', revision: 'a36b8b1cd5757287168e54b817830adce9b0158d', time: '2016-06-30 19:26:09'
System info: host: 'lenovo-PC', ip: '192.168.56.1', os.name: 'Windows 7', os.arch: 'amd64', os.version: '6.1', java.version: '1.8.0_144'
Driver info: driver.version: FirefoxDriver
	at org.openqa.selenium.firefox.internal.NewProfileExtensionConnection.start(NewProfileExtensionConnection.java:125)
	at org.openqa.selenium.firefox.FirefoxDriver.startClient(FirefoxDriver.java:271)
	at org.openqa.selenium.remote.RemoteWebDriver.<init>(RemoteWebDriver.java:119)
	at org.openqa.selenium.firefox.FirefoxDriver.<init>(FirefoxDriver.java:216)
	at org.openqa.selenium.firefox.FirefoxDriver.<init>(FirefoxDriver.java:211)
	at org.openqa.selenium.firefox.FirefoxDriver.<init>(FirefoxDriver.java:207)
	at org.openqa.selenium.firefox.FirefoxDriver.<init>(FirefoxDriver.java:120)
	at selenium.automation.test.base.FirefoxDriverTestBase.initDriver(FirefoxDriverTestBase.java:33)
	at sun.reflect.NativeMethodAccessorImpl.invoke0(Native Method)
	at sun.reflect.NativeMethodAccessorImpl.invoke(Unknown Source)
	at sun.reflect.DelegatingMethodAccessorImpl.invoke(Unknown Source)
	at java.lang.reflect.Method.invoke(Unknown Source)
	at org.testng.internal.MethodInvocationHelper.invokeMethod(MethodInvocationHelper.java:108)
	at org.testng.internal.Invoker.invokeConfigurationMethod(Invoker.java:523)
	at org.testng.internal.Invoker.invokeConfigurations(Invoker.java:224)
	at org.testng.internal.Invoker.invokeConfigurations(Invoker.java:146)
	at org.testng.SuiteRunner.privateRun(SuiteRunner.java:326)
	at org.testng.SuiteRunner.run(SuiteRunner.java:289)
	at org.testng.SuiteRunnerWorker.runSuite(SuiteRunnerWorker.java:52)
	at org.testng.SuiteRunnerWorker.run(SuiteRunnerWorker.java:86)
	at org.testng.TestNG.runSuitesSequentially(TestNG.java:1301)
	at org.testng.TestNG.runSuitesLocally(TestNG.java:1226)
	at org.testng.TestNG.runSuites(TestNG.java:1144)
	at org.testng.TestNG.run(TestNG.java:1115)
	at org.testng.remote.AbstractRemoteTestNG.run(AbstractRemoteTestNG.java:132)
	at org.testng.remote.RemoteTestNG.initAndRun(RemoteTestNG.java:230)
	at org.testng.remote.RemoteTestNG.main(RemoteTestNG.java:76)
Caused by: org.openqa.selenium.firefox.NotConnectedException: Unable to connect to host 127.0.0.1 on port 7055 after 45000 ms. Firefox console output:
BUG	Existing add-on shield-recipe-client@mozilla.org in app-system-defaults
1504099389054	addons.xpi	DEBUG	Existing add-on webcompat@mozilla.org in app-system-defaults
1504099389055	addons.xpi	DEBUG	Existing add-on {FCF36B88-1BBA-487f-B64B-D2E8980A9293} in winreg-app-user
1504099389055	addons.xpi	DEBUG	Existing add-on mozilla_cc3@internetdownloadmanager.com in winreg-app-user
1504099389055	addons.xpi	INFO	Mapping {972ce4c6-7e08-4474-a285-3208198ce6fd} to C:\Program Files\Mozilla Firefox\browser\extensions\{972ce4c6-7e08-4474-a285-3208198ce6fd}.xpi
1504099389056	addons.xpi	DEBUG	Existing add-on {972ce4c6-7e08-4474-a285-3208198ce6fd} in app-global
1504099389056	addons.xpi	DEBUG	getInstallState changed: false, state: {}
Unable to read VR Path Registry from C:\Users\Duc Phan\AppData\Local\openvr\openvrpaths.vrpath
JavaScript error: resource://gre/modules/addons/XPIProvider.jsm, line 3295: TypeError: addon is null
1504099389161	addons.productaddons	INFO	sending request to: https://aus5.mozilla.org/update/3/GMP/55.0.3/20170824053622/WINNT_x86_64-msvc-x64/en-US/release/Windows_NT%206.1.1.0%20(x64)/default/default/update.xml
1504099389958	addons.productaddons	INFO	Completed downloading document
1504099390625	addons.productaddons	INFO	downloadXHR File download. status=200
1504099390628	addons.productaddons	INFO	Downloaded file will be saved to C:\Users\DUCPHA~1\AppData\Local\Temp\tmpaddon
1504099393052	addons.productaddons	INFO	downloadXHR File download. status=200
1504099393054	addons.productaddons	INFO	Downloaded file will be saved to C:\Users\DUCPHA~1\AppData\Local\Temp\tmpaddon
1504099420730	addons.xpi	DEBUG	Calling bootstrap method shutdown on webcompat@mozilla.org version 1.1
1504099420730	addons.xpi	DEBUG	Calling bootstrap method shutdown on shield-recipe-client@mozilla.org version 55.1
1504099420733	addons.xpi	DEBUG	Calling bootstrap method shutdown on screenshots@mozilla.org version 10.12.0
1504099420734	addons.xpi	DEBUG	Calling bootstrap method shutdown on followonsearch@mozilla.com version 0.9.1
1504099420735	addons.xpi	DEBUG	Calling bootstrap method shutdown on firefox@getpocket.com version 1.0.5
1504099420735	addons.xpi	DEBUG	Calling bootstrap method shutdown on e10srollout@mozilla.org version 2.0
1504099420736	addons.xpi	DEBUG	Calling bootstrap method shutdown on clicktoplay-rollout@mozilla.org version 1.2
1504099420736	addons.xpi	DEBUG	Calling bootstrap method shutdown on aushelper@mozilla.org version 2.0
Unable to read VR Path Registry from C:\Users\Duc Phan\AppData\Local\openvr\openvrpaths.vrpath
[GPU 8804] WARNING: pipe error: 109: file c:/builds/moz2_slave/m-rel-w64-00000000000000000000/build/src/ipc/chromium/src/chrome/common/ipc_channel_win.cc, line 346
Unable to read VR Path Registry from C:\Users\Duc Phan\AppData\Local\openvr\openvrpaths.vrpath
[Child 5112] WARNING: pipe error: 109: file c:/builds/moz2_slave/m-rel-w64-00000000000000000000/build/src/ipc/chromium/src/chrome/common/ipc_channel_win.cc, line 346
[Child 5112] WARNING: pipe error: 109: file c:/builds/moz2_slave/m-rel-w64-00000000000000000000/build/src/ipc/chromium/src/chrome/common/ipc_channel_win.cc, line 346
1504099420911	addons.manager	DEBUG	shutdown
1504099420912	addons.manager	DEBUG	Calling shutdown blocker for XPIProvider
1504099420912	addons.xpi	DEBUG	shutdown
1504099420913	addons.xpi-utils	DEBUG	shutdown
1504099420913	addons.manager	DEBUG	Calling shutdown blocker for LightweightThemeManager
1504099420914	addons.manager	DEBUG	Calling shutdown blocker for GMPProvider
1504099420915	addons.manager	DEBUG	Calling shutdown blocker for PluginProvider
1504099420915	addons.manager	DEBUG	Calling shutdown blocker for PreviousExperimentProvider
1504099420915	addons.manager	DEBUG	Calling shutdown blocker for <unnamed-provider>
1504099420919	addons.xpi	DEBUG	Notifying XPI shutdown observers
1504099420925	addons.manager	DEBUG	Async provider shutdown done
[GPU 8804] WARNING: pipe error: 109: file c:/builds/moz2_slave/m-rel-w64-00000000000000000000/build/src/ipc/chromium/src/chrome/common/ipc_channel_win.cc, line 346

	at org.openqa.selenium.firefox.internal.NewProfileExtensionConnection.start(NewProfileExtensionConnection.java:113)
	... 26 more
]]>
    </error>
  </testcase> <!-- initDriver -->
</testsuite> <!-- selenium.automation.test.cases.TestFacebookFirefox -->
