<?xml version="1.0" encoding="UTF-8"?>
<!-- Generated by org.testng.reporters.JUnitReportReporter -->
<testsuite skipped="0" hostname="lenovo-PC" name="selenium.automation.test.cases.TestFacebookLogin" tests="2" failures="0" timestamp="14 Sep 2017 17:19:24 GMT" time="10.627" errors="0">
  <testcase name="loginPage" time="5.433" classname="selenium.automation.test.cases.TestFacebookLogin"/>
  <testcase name="loginPage" time="5.194" classname="selenium.automation.test.cases.TestFacebookLogin"/>
</testsuite> <!-- selenium.automation.test.cases.TestFacebookLogin -->
