<?xml version="1.0" encoding="UTF-8"?>
<!-- Generated by org.testng.reporters.JUnitReportReporter -->
<testsuite skipped="0" hostname="lenovo-PC" name="selenium.automation.test.cases.TestLazada" tests="1" failures="0" timestamp="17 Sep 2017 18:49:26 GMT" time="13.183" errors="0">
  <testcase name="testMainPage" time="13.183" classname="selenium.automation.test.cases.TestLazada"/>
</testsuite> <!-- selenium.automation.test.cases.TestLazada -->
