<?xml version="1.0" encoding="UTF-8"?>
<!-- Generated by org.testng.reporters.JUnitReportReporter -->
<testsuite skipped="0" hostname="lenovo-PC" name="selenium.automation.test.cases.TestFacebook" tests="2" failures="0" timestamp="30 Aug 2017 13:14:13 GMT" time="9.882" errors="0">
  <testcase name="loginPage" time="3.382" classname="selenium.automation.test.cases.TestFacebook"/>
  <testcase name="loginPage" time="6.500" classname="selenium.automation.test.cases.TestFacebook"/>
</testsuite> <!-- selenium.automation.test.cases.TestFacebook -->
