<?xml version="1.0" encoding="UTF-8"?>
<!-- Generated by org.testng.reporters.JUnitReportReporter -->
<testsuite skipped="0" hostname="lenovo-PC" name="selenium.automation.test.base.KeywordGeneralTest" tests="21" failures="0" timestamp="17 Sep 2017 19:06:24 GMT" time="25.534" errors="1">
  <testcase name="loginPage" time="2.415" classname="selenium.automation.test.base.KeywordGeneralTest"/>
  <testcase name="loginPage" time="0.162" classname="selenium.automation.test.base.KeywordGeneralTest"/>
  <testcase name="loginPage" time="0.132" classname="selenium.automation.test.base.KeywordGeneralTest"/>
  <testcase name="loginPage" time="4.332" classname="selenium.automation.test.base.KeywordGeneralTest"/>
  <testcase name="loginPage" time="0.142" classname="selenium.automation.test.base.KeywordGeneralTest"/>
  <testcase name="loginPage" time="1.302" classname="selenium.automation.test.base.KeywordGeneralTest"/>
  <testcase name="loginPage" time="0.155" classname="selenium.automation.test.base.KeywordGeneralTest"/>
  <testcase name="loginPage" time="0.094" classname="selenium.automation.test.base.KeywordGeneralTest"/>
  <testcase name="loginPage" time="0.000" classname="selenium.automation.test.base.KeywordGeneralTest"/>
  <testcase name="loginPage" time="1.577" classname="selenium.automation.test.base.KeywordGeneralTest"/>
  <testcase name="loginPage" time="0.001" classname="selenium.automation.test.base.KeywordGeneralTest">
    <error type="java.lang.NullPointerException">
      <![CDATA[java.lang.NullPointerException
	at org.openqa.selenium.remote.RemoteWebDriver.findElement(RemoteWebDriver.java:408)
	at selenium.automation.webdriver.UIOperation.performance(UIOperation.java:69)
	at selenium.automation.test.base.KeywordGeneralTest.loginPage(KeywordGeneralTest.java:29)
	at sun.reflect.GeneratedMethodAccessor1.invoke(Unknown Source)
	at sun.reflect.DelegatingMethodAccessorImpl.invoke(Unknown Source)
	at java.lang.reflect.Method.invoke(Unknown Source)
	at org.testng.internal.MethodInvocationHelper.invokeMethod(MethodInvocationHelper.java:108)
	at org.testng.internal.Invoker.invokeMethod(Invoker.java:661)
	at org.testng.internal.Invoker.invokeTestMethod(Invoker.java:869)
	at org.testng.internal.Invoker.invokeTestMethods(Invoker.java:1193)
	at org.testng.internal.TestMethodWorker.invokeTestMethods(TestMethodWorker.java:126)
	at org.testng.internal.TestMethodWorker.run(TestMethodWorker.java:109)
	at org.testng.TestRunner.privateRun(TestRunner.java:744)
	at org.testng.TestRunner.run(TestRunner.java:602)
	at org.testng.SuiteRunner.runTest(SuiteRunner.java:380)
	at org.testng.SuiteRunner.runSequentially(SuiteRunner.java:375)
	at org.testng.SuiteRunner.privateRun(SuiteRunner.java:340)
	at org.testng.SuiteRunner.run(SuiteRunner.java:289)
	at org.testng.SuiteRunnerWorker.runSuite(SuiteRunnerWorker.java:52)
	at org.testng.SuiteRunnerWorker.run(SuiteRunnerWorker.java:86)
	at org.testng.TestNG.runSuitesSequentially(TestNG.java:1301)
	at org.testng.TestNG.runSuitesLocally(TestNG.java:1226)
	at org.testng.TestNG.runSuites(TestNG.java:1144)
	at org.testng.TestNG.run(TestNG.java:1115)
	at org.testng.remote.AbstractRemoteTestNG.run(AbstractRemoteTestNG.java:114)
	at org.testng.remote.RemoteTestNG.initAndRun(RemoteTestNG.java:251)
	at org.testng.remote.RemoteTestNG.main(RemoteTestNG.java:77)
]]>
    </error>
  </testcase> <!-- loginPage -->
  <testcase name="loginPage" time="1.238" classname="selenium.automation.test.base.KeywordGeneralTest"/>
  <testcase name="loginPage" time="0.112" classname="selenium.automation.test.base.KeywordGeneralTest"/>
  <testcase name="loginPage" time="0.322" classname="selenium.automation.test.base.KeywordGeneralTest"/>
  <testcase name="loginPage" time="0.811" classname="selenium.automation.test.base.KeywordGeneralTest"/>
  <testcase name="loginPage" time="1.848" classname="selenium.automation.test.base.KeywordGeneralTest"/>
  <testcase name="loginPage" time="1.293" classname="selenium.automation.test.base.KeywordGeneralTest"/>
  <testcase name="loginPage" time="0.092" classname="selenium.automation.test.base.KeywordGeneralTest"/>
  <testcase name="loginPage" time="1.666" classname="selenium.automation.test.base.KeywordGeneralTest"/>
  <testcase name="loginPage" time="7.737" classname="selenium.automation.test.base.KeywordGeneralTest"/>
  <testcase name="loginPage" time="0.103" classname="selenium.automation.test.base.KeywordGeneralTest"/>
</testsuite> <!-- selenium.automation.test.base.KeywordGeneralTest -->
