<?xml version="1.0" encoding="UTF-8"?>
<!-- Generated by org.testng.reporters.JUnitReportReporter -->
<testsuite skipped="0" hostname="lenovo-PC" name="selenium.automation.test.cases.TestFacebookLogin" tests="13" failures="0" timestamp="17 Sep 2017 08:00:40 GMT" time="17.009" errors="0">
  <testcase name="loginPage" time="0.116" classname="selenium.automation.test.cases.TestFacebookLogin"/>
  <testcase name="loginPagePOM" time="4.047" classname="selenium.automation.test.cases.TestFacebookLogin"/>
  <testcase name="loginPage" time="0.000" classname="selenium.automation.test.cases.TestFacebookLogin"/>
  <testcase name="loginPage" time="1.102" classname="selenium.automation.test.cases.TestFacebookLogin"/>
  <testcase name="loginPage" time="0.111" classname="selenium.automation.test.cases.TestFacebookLogin"/>
  <testcase name="loginPage" time="0.000" classname="selenium.automation.test.cases.TestFacebookLogin"/>
  <testcase name="loginPage" time="0.093" classname="selenium.automation.test.cases.TestFacebookLogin"/>
  <testcase name="loginPage" time="0.230" classname="selenium.automation.test.cases.TestFacebookLogin"/>
  <testcase name="loginPagePOM" time="2.589" classname="selenium.automation.test.cases.TestFacebookLogin"/>
  <testcase name="loginPage" time="2.505" classname="selenium.automation.test.cases.TestFacebookLogin"/>
  <testcase name="loginPage" time="3.742" classname="selenium.automation.test.cases.TestFacebookLogin"/>
  <testcase name="loginPage" time="1.948" classname="selenium.automation.test.cases.TestFacebookLogin"/>
  <testcase name="loginPage" time="0.526" classname="selenium.automation.test.cases.TestFacebookLogin"/>
</testsuite> <!-- selenium.automation.test.cases.TestFacebookLogin -->
