<?xml version="1.0" encoding="UTF-8"?>
<!-- Generated by org.testng.reporters.JUnitReportReporter -->
<testsuite skipped="0" hostname="lenovo-PC" name="selenium.automation.test.cases.JavaSE_Test" tests="1" failures="0" timestamp="16 Sep 2017 19:51:05 GMT" time="2.594" errors="0">
  <testcase name="Login" time="2.594" classname="selenium.automation.test.cases.JavaSE_Test"/>
</testsuite> <!-- selenium.automation.test.cases.JavaSE_Test -->
