<?xml version="1.0" encoding="UTF-8"?>
<!-- Generated by org.testng.reporters.JUnitReportReporter -->
<testsuite skipped="0" hostname="lenovo-PC" name="selenium.automation.test.cases.TestFacebookLogin" tests="2" failures="0" timestamp="30 Aug 2017 21:15:25 GMT" time="9.291" errors="0">
  <testcase name="loginPage" time="5.988" classname="selenium.automation.test.cases.TestFacebookLogin"/>
  <testcase name="loginPage" time="3.303" classname="selenium.automation.test.cases.TestFacebookLogin"/>
</testsuite> <!-- selenium.automation.test.cases.TestFacebookLogin -->
