<?xml version="1.0" encoding="UTF-8"?>
<!-- Generated by org.testng.reporters.JUnitReportReporter -->
<testsuite skipped="0" hostname="lenovo-PC" name="selenium.automation.test.cases.TestGoogle" tests="1" failures="0" timestamp="30 Aug 2017 09:39:45 GMT" time="11.048" errors="0">
  <testcase name="testMainPage" time="11.048" classname="selenium.automation.test.cases.TestGoogle"/>
</testsuite> <!-- selenium.automation.test.cases.TestGoogle -->
